1531432632537	geckodriver	INFO	geckodriver 0.21.0
1531432632541	geckodriver	INFO	Listening on 127.0.0.1:54947
1531432633547	mozrunner::runner	INFO	Running command: "/usr/bin/firefox" "-marionette" "--headless" "--window-size=1920,1080" "-foreground" "-no-remote" "-profile" "/tmp/rust_mozprofile.QUVzyHOhiSGQ"
*** You are running in headless mode.
1531432634976	Marionette	INFO	Listening on port 45801
1531432635053	Marionette	WARN	TLS certificate errors will be ignored for this session
*** UTM:SVC TimerManager:registerTimer called after profile-before-change notification. Ignoring timer registration for id: telemetry_modules_ping
1531432653370	geckodriver	INFO	geckodriver 0.21.0
1531432653375	geckodriver	INFO	Listening on 127.0.0.1:42003
1531432654380	mozrunner::runner	INFO	Running command: "/usr/bin/firefox" "-marionette" "--headless" "--window-size=1920,1080" "-foreground" "-no-remote" "-profile" "/tmp/rust_mozprofile.3993866ilXzP"
*** You are running in headless mode.
1531432655766	Marionette	INFO	Listening on port 42151
1531432655786	Marionette	WARN	TLS certificate errors will be ignored for this session
*** UTM:SVC TimerManager:registerTimer called after profile-before-change notification. Ignoring timer registration for id: telemetry_modules_ping
1531432939230	geckodriver	INFO	geckodriver 0.21.0
1531432939234	geckodriver	INFO	Listening on 127.0.0.1:46393
1531432940240	mozrunner::runner	INFO	Running command: "/usr/bin/firefox" "-marionette" "--headless" "--window-size=1920,1080" "-foreground" "-no-remote" "-profile" "/tmp/rust_mozprofile.houXr1A57j2U"
*** You are running in headless mode.
1531432941665	Marionette	INFO	Listening on port 38875
1531432941745	Marionette	WARN	TLS certificate errors will be ignored for this session
*** UTM:SVC TimerManager:registerTimer called after profile-before-change notification. Ignoring timer registration for id: telemetry_modules_ping
1531433002752	geckodriver	INFO	geckodriver 0.21.0
1531433002755	geckodriver	INFO	Listening on 127.0.0.1:44579
1531433003762	mozrunner::runner	INFO	Running command: "/usr/bin/firefox" "-marionette" "--headless" "--window-size=1920,1080" "-foreground" "-no-remote" "-profile" "/tmp/rust_mozprofile.O5fUYIhu7RZF"
*** You are running in headless mode.
1531433005139	Marionette	INFO	Listening on port 42351
1531433005169	Marionette	WARN	TLS certificate errors will be ignored for this session
*** UTM:SVC TimerManager:registerTimer called after profile-before-change notification. Ignoring timer registration for id: telemetry_modules_ping
1531433055692	geckodriver	INFO	geckodriver 0.21.0
1531433055696	geckodriver	INFO	Listening on 127.0.0.1:33905
1531433056701	mozrunner::runner	INFO	Running command: "/usr/bin/firefox" "-marionette" "--headless" "--window-size=1920,1080" "-foreground" "-no-remote" "-profile" "/tmp/rust_mozprofile.y8nWNBSPFQ0b"
*** You are running in headless mode.
1531433058101	Marionette	INFO	Listening on port 41803
1531433058122	Marionette	WARN	TLS certificate errors will be ignored for this session
*** UTM:SVC TimerManager:registerTimer called after profile-before-change notification. Ignoring timer registration for id: telemetry_modules_ping
1531435385158	geckodriver	INFO	geckodriver 0.21.0
1531435385162	geckodriver	INFO	Listening on 127.0.0.1:37235
1531435386168	mozrunner::runner	INFO	Running command: "/usr/bin/firefox" "-marionette" "--headless" "--window-size=1920,1080" "-foreground" "-no-remote" "-profile" "/tmp/rust_mozprofile.Qp25ZkNEaQBA"
*** You are running in headless mode.
1531435387580	Marionette	INFO	Listening on port 39949
1531435387679	Marionette	WARN	TLS certificate errors will be ignored for this session
1531435440621	geckodriver	INFO	geckodriver 0.21.0
1531435440626	geckodriver	INFO	Listening on 127.0.0.1:47365
1531435441631	mozrunner::runner	INFO	Running command: "/usr/bin/firefox" "-marionette" "--headless" "--window-size=1920,1080" "-foreground" "-no-remote" "-profile" "/tmp/rust_mozprofile.jZ59eimjGqk1"
*** You are running in headless mode.
1531435443056	Marionette	INFO	Listening on port 39175
1531435443138	Marionette	WARN	TLS certificate errors will be ignored for this session
1531435459775	geckodriver	INFO	geckodriver 0.21.0
1531435459779	geckodriver	INFO	Listening on 127.0.0.1:33931
1531435460785	mozrunner::runner	INFO	Running command: "/usr/bin/firefox" "-marionette" "--headless" "--window-size=1920,1080" "-foreground" "-no-remote" "-profile" "/tmp/rust_mozprofile.E0VHzyAzYjyN"
*** You are running in headless mode.
1531435462188	Marionette	INFO	Listening on port 36871
1531435462294	Marionette	WARN	TLS certificate errors will be ignored for this session
1531435480251	geckodriver	INFO	geckodriver 0.21.0
1531435480256	geckodriver	INFO	Listening on 127.0.0.1:42717
1531435481260	mozrunner::runner	INFO	Running command: "/usr/bin/firefox" "-marionette" "--headless" "--window-size=1920,1080" "-foreground" "-no-remote" "-profile" "/tmp/rust_mozprofile.q7m9GCncI5VC"
*** You are running in headless mode.
1531435482670	Marionette	INFO	Listening on port 38261
1531435482777	Marionette	WARN	TLS certificate errors will be ignored for this session
1531435499107	geckodriver	INFO	geckodriver 0.21.0
1531435499111	geckodriver	INFO	Listening on 127.0.0.1:55863
1531435500117	mozrunner::runner	INFO	Running command: "/usr/bin/firefox" "-marionette" "--headless" "--window-size=1920,1080" "-foreground" "-no-remote" "-profile" "/tmp/rust_mozprofile.9zKuI6jR7eW6"
*** You are running in headless mode.
1531435501539	Marionette	INFO	Listening on port 39429
1531435501624	Marionette	WARN	TLS certificate errors will be ignored for this session
1531435529891	geckodriver	INFO	geckodriver 0.21.0
1531435529895	geckodriver	INFO	Listening on 127.0.0.1:36473
1531435530897	mozrunner::runner	INFO	Running command: "/usr/bin/firefox" "-marionette" "--headless" "--window-size=1920,1080" "-foreground" "-no-remote" "-profile" "/tmp/rust_mozprofile.KlfTzIcUVFLx"
*** You are running in headless mode.
1531435532335	Marionette	INFO	Listening on port 41745
1531435532403	Marionette	WARN	TLS certificate errors will be ignored for this session
1531435617359	geckodriver	INFO	geckodriver 0.21.0
1531435617363	geckodriver	INFO	Listening on 127.0.0.1:44687
1531435618369	mozrunner::runner	INFO	Running command: "/usr/bin/firefox" "-marionette" "--headless" "--window-size=1920,1080" "-foreground" "-no-remote" "-profile" "/tmp/rust_mozprofile.JBvTVowrrr4l"
*** You are running in headless mode.
1531435619787	Marionette	INFO	Listening on port 34399
1531435619875	Marionette	WARN	TLS certificate errors will be ignored for this session
*** UTM:SVC TimerManager:registerTimer called after profile-before-change notification. Ignoring timer registration for id: telemetry_modules_ping
1531435654701	geckodriver	INFO	geckodriver 0.21.0
1531435654705	geckodriver	INFO	Listening on 127.0.0.1:48575
1531435655711	mozrunner::runner	INFO	Running command: "/usr/bin/firefox" "-marionette" "--headless" "--window-size=1920,1080" "-foreground" "-no-remote" "-profile" "/tmp/rust_mozprofile.7RKF8DDQJNpW"
*** You are running in headless mode.
1531435657161	Marionette	INFO	Listening on port 37505
1531435657218	Marionette	WARN	TLS certificate errors will be ignored for this session
*** UTM:SVC TimerManager:registerTimer called after profile-before-change notification. Ignoring timer registration for id: telemetry_modules_ping
1531435735935	geckodriver	INFO	geckodriver 0.21.0
1531435735940	geckodriver	INFO	Listening on 127.0.0.1:35083
1531435736944	mozrunner::runner	INFO	Running command: "/usr/bin/firefox" "-marionette" "--headless" "--window-size=1920,1080" "-foreground" "-no-remote" "-profile" "/tmp/rust_mozprofile.6e9TPIHm9Fcn"
*** You are running in headless mode.
1531435738399	Marionette	INFO	Listening on port 35741
1531435738451	Marionette	WARN	TLS certificate errors will be ignored for this session
*** UTM:SVC TimerManager:registerTimer called after profile-before-change notification. Ignoring timer registration for id: telemetry_modules_ping
1531435742710	geckodriver	INFO	geckodriver 0.21.0
1531435742715	geckodriver	INFO	Listening on 127.0.0.1:58459
1531435743719	mozrunner::runner	INFO	Running command: "/usr/bin/firefox" "-marionette" "--headless" "--window-size=1920,1080" "-foreground" "-no-remote" "-profile" "/tmp/rust_mozprofile.k5ikg57E8z1Z"
*** You are running in headless mode.
1531435745168	Marionette	INFO	Listening on port 40913
1531435745223	Marionette	WARN	TLS certificate errors will be ignored for this session
*** UTM:SVC TimerManager:registerTimer called after profile-before-change notification. Ignoring timer registration for id: telemetry_modules_ping
1531435795946	geckodriver	INFO	geckodriver 0.21.0
1531435795949	geckodriver	INFO	Listening on 127.0.0.1:33045
1531435796955	mozrunner::runner	INFO	Running command: "/usr/bin/firefox" "-marionette" "--headless" "--window-size=1920,1080" "-foreground" "-no-remote" "-profile" "/tmp/rust_mozprofile.xx009Ov9xcF8"
*** You are running in headless mode.
1531435798371	Marionette	INFO	Listening on port 42473
1531435798461	Marionette	WARN	TLS certificate errors will be ignored for this session
*** UTM:SVC TimerManager:registerTimer called after profile-before-change notification. Ignoring timer registration for id: telemetry_modules_ping
1531435801403	geckodriver	INFO	geckodriver 0.21.0
1531435801408	geckodriver	INFO	Listening on 127.0.0.1:55465
1531435802411	mozrunner::runner	INFO	Running command: "/usr/bin/firefox" "-marionette" "--headless" "--window-size=1920,1080" "-foreground" "-no-remote" "-profile" "/tmp/rust_mozprofile.fsvpymhpy7y5"
*** You are running in headless mode.
1531435803839	Marionette	INFO	Listening on port 41091
1531435803917	Marionette	WARN	TLS certificate errors will be ignored for this session
*** UTM:SVC TimerManager:registerTimer called after profile-before-change notification. Ignoring timer registration for id: telemetry_modules_ping
